2022-08-09 09:52:44,856 - FastApi - INFO  - user_management_handler.py - user_management_handler: Display: 30 - Login Handler Initialized
2022-08-09 09:52:44,856 - FastApi - INFO  - user_management_handler.py - user_management_handler: Display: 30 - Login Handler Initialized
2022-08-09 09:52:44,857 - FastApi - INFO  - user_management_handler.py - user_management_handler: Display: 30 - Login Handler Initialized
2022-08-09 09:52:44,857 - FastApi - INFO  - user_management_handler.py - user_management_handler: Display: 30 - Login Handler Initialized
2022-08-09 09:52:44,857 - FastApi - INFO  - user_management_handler.py - user_management_handler: Display: 30 - Login Handler Initialized
2022-08-09 09:52:44,857 - FastApi - INFO  - user_management_handler.py - user_management_handler: Display: 30 - Login Handler Initialized
2022-08-09 09:52:44,858 - FastApi - INFO  - user_management_handler.py - user_management_handler: Display: 30 - Login Handler Initialized
2022-08-09 09:52:44,858 - FastApi - INFO  - user_management_handler.py - user_management_handler: Display: 30 - Login Handler Initialized
2022-08-09 09:52:44,858 - FastApi - INFO  - user_management_handler.py - user_management_handler: Display: 30 - Login Handler Initialized
2022-08-09 09:52:44,859 - FastApi - INFO  - user_management_handler.py - user_management_handler: Display: 30 - Login Handler Initialized
2022-08-09 09:52:44,859 - FastApi - INFO  - user_management_handler.py - user_management_handler: Display: 30 - Login Handler Initialized
2022-08-09 09:52:44,859 - FastApi - INFO  - user_management_handler.py - user_management_handler: Display: 30 - Login Handler Initialized
2022-08-09 09:52:44,860 - FastApi - INFO  - user_management_handler.py - user_management_handler: Display: 30 - Login Handler Initialized
2022-08-09 09:52:44,860 - FastApi - INFO  - user_management_handler.py - user_management_handler: Display: 30 - Login Handler Initialized
2022-08-09 09:52:44,860 - FastApi - INFO  - user_management_handler.py - user_management_handler: Display: 30 - Login Handler Initialized
2022-08-09 09:52:44,861 - FastApi - INFO  - user_management_handler.py - user_management_handler: Display: 30 - Login Handler Initialized
2022-08-09 09:52:44,861 - FastApi - INFO  - user_management_handler.py - user_management_handler: Display: 30 - Login Handler Initialized
2022-08-09 09:52:44,861 - FastApi - INFO  - user_management_handler.py - user_management_handler: Display: 30 - Login Handler Initialized
2022-08-09 09:52:44,861 - FastApi - INFO  - user_management_handler.py - user_management_handler: Display: 30 - Login Handler Initialized
2022-08-09 09:52:44,861 - FastApi - INFO  - user_management_handler.py - user_management_handler: Display: 30 - Login Handler Initialized
2022-08-09 09:52:44,861 - FastApi - INFO  - user_management_handler.py - user_management_handler: Display: 30 - Login Handler Initialized
2022-08-09 09:52:44,862 - FastApi - INFO  - user_management_handler.py - user_management_handler: Display: 30 - Login Handler Initialized
2022-08-09 09:52:44,862 - FastApi - INFO  - user_management_handler.py - user_management_handler: Display: 30 - Login Handler Initialized
2022-08-09 09:52:44,862 - FastApi - INFO  - user_management_handler.py - user_management_handler: Display: 30 - Login Handler Initialized
2022-08-09 09:52:44,862 - FastApi - INFO  - user_management_handler.py - user_management_handler: Display: 30 - Login Handler Initialized
2022-08-09 09:52:44,862 - FastApi - INFO  - user_management_handler.py - user_management_handler: Display: 30 - Login Handler Initialized
2022-08-09 09:52:44,862 - FastApi - INFO  - user_management_handler.py - user_management_handler: Display: 30 - Login Handler Initialized
2022-08-09 09:52:44,862 - FastApi - INFO  - user_management_handler.py - user_management_handler: Display: 30 - Login Handler Initialized
2022-08-09 09:52:44,862 - FastApi - INFO  - user_management_handler.py - user_management_handler: Display: 30 - Login Handler Initialized
2022-08-09 09:52:44,862 - FastApi - INFO  - user_management_handler.py - user_management_handler: Display: 30 - Login Handler Initialized
2022-08-09 09:52:44,863 - FastApi - INFO  - user_management_handler.py - user_management_handler: Display: 30 - Login Handler Initialized
2022-08-09 09:52:44,863 - FastApi - INFO  - user_management_handler.py - user_management_handler: Display: 30 - Login Handler Initialized
2022-08-09 09:52:44,864 - FastApi - INFO  - user_management_handler.py - user_management_handler: Display: 30 - Login Handler Initialized
2022-08-09 09:52:44,864 - FastApi - INFO  - user_management_handler.py - user_management_handler: Display: 30 - Login Handler Initialized
2022-08-09 09:52:44,864 - FastApi - INFO  - user_management_handler.py - user_management_handler: Display: 30 - Login Handler Initialized
2022-08-09 09:52:44,864 - FastApi - INFO  - user_management_handler.py - user_management_handler: Display: 30 - Login Handler Initialized
2022-08-09 09:52:44,865 - FastApi - INFO  - user_management_handler.py - user_management_handler: Display: 30 - Login Handler Initialized
2022-08-09 09:52:44,865 - FastApi - INFO  - user_management_handler.py - user_management_handler: Display: 30 - Login Handler Initialized
2022-08-09 09:52:44,865 - FastApi - INFO  - user_management_handler.py - user_management_handler: Display: 30 - Login Handler Initialized
2022-08-09 09:52:44,865 - FastApi - INFO  - user_management_handler.py - user_management_handler: Display: 30 - Login Handler Initialized
2022-08-09 09:52:44,865 - FastApi - INFO  - user_management_handler.py - user_management_handler: Display: 30 - Login Handler Initialized
2022-08-09 09:52:44,865 - FastApi - INFO  - user_management_handler.py - user_management_handler: Display: 30 - Login Handler Initialized
2022-08-09 09:52:44,866 - FastApi - INFO  - user_management_handler.py - user_management_handler: Display: 30 - Login Handler Initialized
2022-08-09 09:52:44,866 - FastApi - INFO  - user_management_handler.py - user_management_handler: Display: 30 - Login Handler Initialized
2022-08-09 09:52:44,866 - FastApi - INFO  - user_management_handler.py - user_management_handler: Display: 30 - Login Handler Initialized
2022-08-09 09:52:44,867 - FastApi - INFO  - user_management_handler.py - user_management_handler: Display: 30 - Login Handler Initialized
2022-08-09 09:52:44,867 - FastApi - INFO  - user_management_handler.py - user_management_handler: Display: 30 - Login Handler Initialized
2022-08-09 09:52:44,867 - FastApi - INFO  - user_management_handler.py - user_management_handler: Display: 30 - Login Handler Initialized
2022-08-09 09:52:44,873 - FastApi - INFO  - user_management_handler.py - user_management_handler: Display: 30 - Login Handler Initialized
2022-08-09 09:52:44,873 - FastApi - INFO  - user_management_handler.py - user_management_handler: Display: 30 - Login Handler Initialized
2022-08-09 09:52:44,873 - FastApi - INFO  - user_management_handler.py - user_management_handler: Display: 30 - Login Handler Initialized
2022-08-09 09:52:44,873 - FastApi - INFO  - user_management_handler.py - user_management_handler: Display: 30 - Login Handler Initialized
2022-08-09 09:52:44,873 - FastApi - INFO  - user_management_handler.py - user_management_handler: Display: 30 - Login Handler Initialized
2022-08-09 09:52:44,874 - FastApi - INFO  - user_management_handler.py - user_management_handler: Display: 30 - Login Handler Initialized
2022-08-09 09:52:44,874 - FastApi - INFO  - user_management_handler.py - user_management_handler: Display: 30 - Login Handler Initialized
2022-08-09 09:52:44,874 - FastApi - INFO  - user_management_handler.py - user_management_handler: Display: 30 - Login Handler Initialized
2022-08-09 09:52:44,874 - FastApi - INFO  - user_management_handler.py - user_management_handler: Display: 30 - Login Handler Initialized
2022-08-09 09:52:44,874 - FastApi - INFO  - user_management_handler.py - user_management_handler: Display: 30 - Login Handler Initialized
2022-08-09 09:52:44,874 - FastApi - INFO  - user_management_handler.py - user_management_handler: Display: 30 - Login Handler Initialized
2022-08-09 09:52:44,874 - FastApi - INFO  - user_management_handler.py - user_management_handler: Display: 30 - Login Handler Initialized
2022-08-09 09:52:44,875 - FastApi - INFO  - user_management_handler.py - user_management_handler: Display: 30 - Login Handler Initialized
2022-08-09 09:52:44,875 - FastApi - INFO  - user_management_handler.py - user_management_handler: Display: 30 - Login Handler Initialized
2022-08-09 09:52:44,875 - FastApi - INFO  - user_management_handler.py - user_management_handler: Display: 30 - Login Handler Initialized
2022-08-09 09:52:44,875 - FastApi - INFO  - user_management_handler.py - user_management_handler: Display: 30 - Login Handler Initialized
2022-08-09 09:52:44,875 - FastApi - INFO  - user_management_handler.py - user_management_handler: Display: 30 - Login Handler Initialized
2022-08-09 09:52:44,875 - FastApi - INFO  - user_management_handler.py - user_management_handler: Display: 30 - Login Handler Initialized
2022-08-09 09:52:44,875 - FastApi - INFO  - user_management_handler.py - user_management_handler: Display: 30 - Login Handler Initialized
2022-08-09 09:52:44,875 - FastApi - INFO  - user_management_handler.py - user_management_handler: Display: 30 - Login Handler Initialized
2022-08-09 09:52:44,876 - FastApi - INFO  - user_management_handler.py - user_management_handler: Display: 30 - Login Handler Initialized
2022-08-09 09:52:44,876 - FastApi - INFO  - user_management_handler.py - user_management_handler: Display: 30 - Login Handler Initialized
2022-08-09 09:52:44,876 - FastApi - INFO  - user_management_handler.py - user_management_handler: Display: 30 - Login Handler Initialized
2022-08-09 09:52:44,876 - FastApi - INFO  - user_management_handler.py - user_management_handler: Display: 30 - Login Handler Initialized
2022-08-09 09:52:44,876 - FastApi - INFO  - user_management_handler.py - user_management_handler: Display: 30 - Login Handler Initialized
2022-08-09 09:52:44,876 - FastApi - INFO  - user_management_handler.py - user_management_handler: Display: 30 - Login Handler Initialized
2022-08-09 09:52:44,876 - FastApi - INFO  - user_management_handler.py - user_management_handler: Display: 30 - Login Handler Initialized
2022-08-09 09:52:44,876 - FastApi - INFO  - user_management_handler.py - user_management_handler: Display: 30 - Login Handler Initialized
2022-08-09 09:52:44,876 - FastApi - INFO  - user_management_handler.py - user_management_handler: Display: 30 - Login Handler Initialized
2022-08-09 09:52:44,877 - FastApi - INFO  - user_management_handler.py - user_management_handler: Display: 30 - Login Handler Initialized
2022-08-09 09:52:44,887 - FastApi - INFO  - user_management_handler.py - user_management_handler: Display: 30 - Login Handler Initialized
2022-08-09 09:52:44,887 - FastApi - INFO  - user_management_handler.py - user_management_handler: Display: 30 - Login Handler Initialized
2022-08-09 09:52:44,887 - FastApi - INFO  - user_management_handler.py - user_management_handler: Display: 30 - Login Handler Initialized
2022-08-09 09:52:44,888 - FastApi - INFO  - user_management_handler.py - user_management_handler: Display: 30 - Login Handler Initialized
2022-08-09 09:52:44,888 - FastApi - INFO  - user_management_handler.py - user_management_handler: Display: 30 - Login Handler Initialized
2022-08-09 09:52:44,888 - FastApi - INFO  - user_management_handler.py - user_management_handler: Display: 30 - Login Handler Initialized
2022-08-09 09:52:44,888 - FastApi - INFO  - user_management_handler.py - user_management_handler: Display: 30 - Login Handler Initialized
2022-08-09 09:52:44,888 - FastApi - INFO  - user_management_handler.py - user_management_handler: Display: 30 - Login Handler Initialized
2022-08-09 09:52:44,888 - FastApi - INFO  - user_management_handler.py - user_management_handler: Display: 30 - Login Handler Initialized
2022-08-09 09:52:44,888 - FastApi - INFO  - user_management_handler.py - user_management_handler: Display: 30 - Login Handler Initialized
2022-08-09 09:52:44,888 - FastApi - INFO  - user_management_handler.py - user_management_handler: Display: 30 - Login Handler Initialized
2022-08-09 09:52:44,888 - FastApi - INFO  - user_management_handler.py - user_management_handler: Display: 30 - Login Handler Initialized
2022-08-09 09:52:44,889 - FastApi - INFO  - user_management_handler.py - user_management_handler: Display: 30 - Login Handler Initialized
2022-08-09 09:52:44,889 - FastApi - INFO  - user_management_handler.py - user_management_handler: Display: 30 - Login Handler Initialized
2022-08-09 09:52:44,889 - FastApi - INFO  - user_management_handler.py - user_management_handler: Display: 30 - Login Handler Initialized
2022-08-09 09:52:44,889 - FastApi - INFO  - user_management_handler.py - user_management_handler: Display: 30 - Login Handler Initialized
2022-08-09 09:52:44,889 - FastApi - INFO  - user_management_handler.py - user_management_handler: Display: 30 - Login Handler Initialized
2022-08-09 09:52:44,889 - FastApi - INFO  - user_management_handler.py - user_management_handler: Display: 30 - Login Handler Initialized
2022-08-09 09:52:44,889 - FastApi - INFO  - user_management_handler.py - user_management_handler: Display: 30 - Login Handler Initialized
2022-08-09 09:52:44,889 - FastApi - INFO  - user_management_handler.py - user_management_handler: Display: 30 - Login Handler Initialized
2022-08-09 09:52:44,889 - FastApi - INFO  - user_management_handler.py - user_management_handler: Display: 30 - Login Handler Initialized
2022-08-09 09:52:44,890 - FastApi - INFO  - user_management_handler.py - user_management_handler: Display: 30 - Login Handler Initialized
2022-08-09 09:52:44,890 - FastApi - INFO  - user_management_handler.py - user_management_handler: Display: 30 - Login Handler Initialized
2022-08-09 09:52:44,890 - FastApi - INFO  - user_management_handler.py - user_management_handler: Display: 30 - Login Handler Initialized
2022-08-09 09:52:44,890 - FastApi - INFO  - user_management_handler.py - user_management_handler: Display: 30 - Login Handler Initialized
2022-08-09 09:52:44,890 - FastApi - INFO  - user_management_handler.py - user_management_handler: Display: 30 - Login Handler Initialized
2022-08-09 09:52:44,890 - FastApi - INFO  - user_management_handler.py - user_management_handler: Display: 30 - Login Handler Initialized
2022-08-09 09:52:44,890 - FastApi - INFO  - user_management_handler.py - user_management_handler: Display: 30 - Login Handler Initialized
2022-08-09 09:52:44,891 - FastApi - INFO  - user_management_handler.py - user_management_handler: Display: 30 - Login Handler Initialized
2022-08-09 09:52:44,891 - FastApi - INFO  - user_management_handler.py - user_management_handler: Display: 30 - Login Handler Initialized
2022-08-09 09:52:44,902 - FastApi - INFO  - user_management_handler.py - user_management_handler: Display: 30 - Login Handler Initialized
2022-08-09 09:52:44,903 - FastApi - INFO  - user_management_handler.py - user_management_handler: Display: 30 - Login Handler Initialized
2022-08-09 09:52:44,903 - FastApi - INFO  - user_management_handler.py - user_management_handler: Display: 30 - Login Handler Initialized
2022-08-09 09:59:41,841 - FastApi - INFO  - user_management_handler.py - user_management_handler: Display: 30 - Login Handler Initialized
2022-08-09 09:59:41,841 - FastApi - INFO  - user_management_handler.py - user_management_handler: Display: 30 - Login Handler Initialized
2022-08-09 09:59:41,842 - FastApi - INFO  - user_management_handler.py - user_management_handler: Display: 30 - Login Handler Initialized
2022-08-09 09:59:41,842 - FastApi - INFO  - user_management_handler.py - user_management_handler: Display: 30 - Login Handler Initialized
2022-08-09 09:59:41,842 - FastApi - INFO  - user_management_handler.py - user_management_handler: Display: 30 - Login Handler Initialized
2022-08-09 09:59:41,842 - FastApi - INFO  - user_management_handler.py - user_management_handler: Display: 30 - Login Handler Initialized
2022-08-09 09:59:41,842 - FastApi - INFO  - user_management_handler.py - user_management_handler: Display: 30 - Login Handler Initialized
2022-08-09 09:59:41,842 - FastApi - INFO  - user_management_handler.py - user_management_handler: Display: 30 - Login Handler Initialized
2022-08-09 09:59:41,842 - FastApi - INFO  - user_management_handler.py - user_management_handler: Display: 30 - Login Handler Initialized
2022-08-09 09:59:41,843 - FastApi - INFO  - user_management_handler.py - user_management_handler: Display: 30 - Login Handler Initialized
2022-08-09 09:59:41,843 - FastApi - INFO  - user_management_handler.py - user_management_handler: Display: 30 - Login Handler Initialized
2022-08-09 09:59:41,843 - FastApi - INFO  - user_management_handler.py - user_management_handler: Display: 30 - Login Handler Initialized
2022-08-09 09:59:41,843 - FastApi - INFO  - user_management_handler.py - user_management_handler: Display: 30 - Login Handler Initialized
2022-08-09 09:59:41,844 - FastApi - INFO  - user_management_handler.py - user_management_handler: Display: 30 - Login Handler Initialized
2022-08-09 09:59:41,844 - FastApi - INFO  - user_management_handler.py - user_management_handler: Display: 30 - Login Handler Initialized
2022-08-09 09:59:41,844 - FastApi - INFO  - user_management_handler.py - user_management_handler: Display: 30 - Login Handler Initialized
2022-08-09 09:59:41,844 - FastApi - INFO  - user_management_handler.py - user_management_handler: Display: 30 - Login Handler Initialized
2022-08-09 09:59:41,844 - FastApi - INFO  - user_management_handler.py - user_management_handler: Display: 30 - Login Handler Initialized
2022-08-09 09:59:41,845 - FastApi - INFO  - user_management_handler.py - user_management_handler: Display: 30 - Login Handler Initialized
2022-08-09 09:59:41,845 - FastApi - INFO  - user_management_handler.py - user_management_handler: Display: 30 - Login Handler Initialized
2022-08-09 09:59:41,845 - FastApi - INFO  - user_management_handler.py - user_management_handler: Display: 30 - Login Handler Initialized
2022-08-09 09:59:41,845 - FastApi - INFO  - user_management_handler.py - user_management_handler: Display: 30 - Login Handler Initialized
2022-08-09 09:59:41,845 - FastApi - INFO  - user_management_handler.py - user_management_handler: Display: 30 - Login Handler Initialized
2022-08-09 09:59:41,845 - FastApi - INFO  - user_management_handler.py - user_management_handler: Display: 30 - Login Handler Initialized
2022-08-09 09:59:41,846 - FastApi - INFO  - user_management_handler.py - user_management_handler: Display: 30 - Login Handler Initialized
2022-08-09 09:59:41,846 - FastApi - INFO  - user_management_handler.py - user_management_handler: Display: 30 - Login Handler Initialized
2022-08-09 09:59:41,847 - FastApi - INFO  - user_management_handler.py - user_management_handler: Display: 30 - Login Handler Initialized
2022-08-09 09:59:41,847 - FastApi - INFO  - user_management_handler.py - user_management_handler: Display: 30 - Login Handler Initialized
2022-08-09 09:59:41,847 - FastApi - INFO  - user_management_handler.py - user_management_handler: Display: 30 - Login Handler Initialized
2022-08-09 09:59:41,848 - FastApi - INFO  - user_management_handler.py - user_management_handler: Display: 30 - Login Handler Initialized
2022-08-09 09:59:41,848 - FastApi - INFO  - user_management_handler.py - user_management_handler: Display: 30 - Login Handler Initialized
2022-08-09 09:59:41,855 - FastApi - INFO  - user_management_handler.py - user_management_handler: Display: 30 - Login Handler Initialized
2022-08-09 09:59:41,855 - FastApi - INFO  - user_management_handler.py - user_management_handler: Display: 30 - Login Handler Initialized
2022-08-09 09:59:41,855 - FastApi - INFO  - user_management_handler.py - user_management_handler: Display: 30 - Login Handler Initialized
2022-08-09 09:59:41,856 - FastApi - INFO  - user_management_handler.py - user_management_handler: Display: 30 - Login Handler Initialized
2022-08-09 09:59:41,856 - FastApi - INFO  - user_management_handler.py - user_management_handler: Display: 30 - Login Handler Initialized
2022-08-09 09:59:41,856 - FastApi - INFO  - user_management_handler.py - user_management_handler: Display: 30 - Login Handler Initialized
2022-08-09 09:59:41,856 - FastApi - INFO  - user_management_handler.py - user_management_handler: Display: 30 - Login Handler Initialized
2022-08-09 09:59:41,856 - FastApi - INFO  - user_management_handler.py - user_management_handler: Display: 30 - Login Handler Initialized
2022-08-09 09:59:41,856 - FastApi - INFO  - user_management_handler.py - user_management_handler: Display: 30 - Login Handler Initialized
2022-08-09 09:59:41,856 - FastApi - INFO  - user_management_handler.py - user_management_handler: Display: 30 - Login Handler Initialized
2022-08-09 09:59:41,856 - FastApi - INFO  - user_management_handler.py - user_management_handler: Display: 30 - Login Handler Initialized
2022-08-09 09:59:41,856 - FastApi - INFO  - user_management_handler.py - user_management_handler: Display: 30 - Login Handler Initialized
2022-08-09 09:59:41,857 - FastApi - INFO  - user_management_handler.py - user_management_handler: Display: 30 - Login Handler Initialized
2022-08-09 09:59:41,857 - FastApi - INFO  - user_management_handler.py - user_management_handler: Display: 30 - Login Handler Initialized
2022-08-09 09:59:41,857 - FastApi - INFO  - user_management_handler.py - user_management_handler: Display: 30 - Login Handler Initialized
2022-08-09 09:59:41,857 - FastApi - INFO  - user_management_handler.py - user_management_handler: Display: 30 - Login Handler Initialized
2022-08-09 09:59:41,857 - FastApi - INFO  - user_management_handler.py - user_management_handler: Display: 30 - Login Handler Initialized
2022-08-09 09:59:41,857 - FastApi - INFO  - user_management_handler.py - user_management_handler: Display: 30 - Login Handler Initialized
2022-08-09 09:59:41,857 - FastApi - INFO  - user_management_handler.py - user_management_handler: Display: 30 - Login Handler Initialized
2022-08-09 09:59:41,857 - FastApi - INFO  - user_management_handler.py - user_management_handler: Display: 30 - Login Handler Initialized
2022-08-09 09:59:41,857 - FastApi - INFO  - user_management_handler.py - user_management_handler: Display: 30 - Login Handler Initialized
2022-08-09 09:59:41,858 - FastApi - INFO  - user_management_handler.py - user_management_handler: Display: 30 - Login Handler Initialized
2022-08-09 09:59:41,858 - FastApi - INFO  - user_management_handler.py - user_management_handler: Display: 30 - Login Handler Initialized
2022-08-09 09:59:41,858 - FastApi - INFO  - user_management_handler.py - user_management_handler: Display: 30 - Login Handler Initialized
2022-08-09 09:59:41,858 - FastApi - INFO  - user_management_handler.py - user_management_handler: Display: 30 - Login Handler Initialized
2022-08-09 09:59:41,858 - FastApi - INFO  - user_management_handler.py - user_management_handler: Display: 30 - Login Handler Initialized
2022-08-09 09:59:41,858 - FastApi - INFO  - user_management_handler.py - user_management_handler: Display: 30 - Login Handler Initialized
2022-08-09 09:59:41,858 - FastApi - INFO  - user_management_handler.py - user_management_handler: Display: 30 - Login Handler Initialized
2022-08-09 09:59:41,858 - FastApi - INFO  - user_management_handler.py - user_management_handler: Display: 30 - Login Handler Initialized
2022-08-09 09:59:41,858 - FastApi - INFO  - user_management_handler.py - user_management_handler: Display: 30 - Login Handler Initialized
2022-08-09 09:59:41,871 - FastApi - INFO  - user_management_handler.py - user_management_handler: Display: 30 - Login Handler Initialized
2022-08-09 09:59:41,872 - FastApi - INFO  - user_management_handler.py - user_management_handler: Display: 30 - Login Handler Initialized
2022-08-09 09:59:41,872 - FastApi - INFO  - user_management_handler.py - user_management_handler: Display: 30 - Login Handler Initialized
2022-08-09 09:59:41,872 - FastApi - INFO  - user_management_handler.py - user_management_handler: Display: 30 - Login Handler Initialized
2022-08-09 09:59:41,872 - FastApi - INFO  - user_management_handler.py - user_management_handler: Display: 30 - Login Handler Initialized
2022-08-09 09:59:41,872 - FastApi - INFO  - user_management_handler.py - user_management_handler: Display: 30 - Login Handler Initialized
2022-08-09 09:59:41,872 - FastApi - INFO  - user_management_handler.py - user_management_handler: Display: 30 - Login Handler Initialized
2022-08-09 09:59:41,872 - FastApi - INFO  - user_management_handler.py - user_management_handler: Display: 30 - Login Handler Initialized
2022-08-09 09:59:41,873 - FastApi - INFO  - user_management_handler.py - user_management_handler: Display: 30 - Login Handler Initialized
2022-08-09 09:59:41,873 - FastApi - INFO  - user_management_handler.py - user_management_handler: Display: 30 - Login Handler Initialized
2022-08-09 09:59:41,873 - FastApi - INFO  - user_management_handler.py - user_management_handler: Display: 30 - Login Handler Initialized
2022-08-09 09:59:41,873 - FastApi - INFO  - user_management_handler.py - user_management_handler: Display: 30 - Login Handler Initialized
2022-08-09 09:59:41,873 - FastApi - INFO  - user_management_handler.py - user_management_handler: Display: 30 - Login Handler Initialized
2022-08-09 09:59:41,873 - FastApi - INFO  - user_management_handler.py - user_management_handler: Display: 30 - Login Handler Initialized
2022-08-09 09:59:41,873 - FastApi - INFO  - user_management_handler.py - user_management_handler: Display: 30 - Login Handler Initialized
2022-08-09 09:59:41,873 - FastApi - INFO  - user_management_handler.py - user_management_handler: Display: 30 - Login Handler Initialized
2022-08-09 09:59:41,873 - FastApi - INFO  - user_management_handler.py - user_management_handler: Display: 30 - Login Handler Initialized
2022-08-09 09:59:41,873 - FastApi - INFO  - user_management_handler.py - user_management_handler: Display: 30 - Login Handler Initialized
2022-08-09 09:59:41,873 - FastApi - INFO  - user_management_handler.py - user_management_handler: Display: 30 - Login Handler Initialized
2022-08-09 09:59:41,874 - FastApi - INFO  - user_management_handler.py - user_management_handler: Display: 30 - Login Handler Initialized
2022-08-09 09:59:41,874 - FastApi - INFO  - user_management_handler.py - user_management_handler: Display: 30 - Login Handler Initialized
2022-08-09 09:59:41,874 - FastApi - INFO  - user_management_handler.py - user_management_handler: Display: 30 - Login Handler Initialized
2022-08-09 09:59:41,874 - FastApi - INFO  - user_management_handler.py - user_management_handler: Display: 30 - Login Handler Initialized
2022-08-09 09:59:41,874 - FastApi - INFO  - user_management_handler.py - user_management_handler: Display: 30 - Login Handler Initialized
2022-08-09 09:59:41,874 - FastApi - INFO  - user_management_handler.py - user_management_handler: Display: 30 - Login Handler Initialized
2022-08-09 09:59:41,875 - FastApi - INFO  - user_management_handler.py - user_management_handler: Display: 30 - Login Handler Initialized
2022-08-09 09:59:41,875 - FastApi - INFO  - user_management_handler.py - user_management_handler: Display: 30 - Login Handler Initialized
2022-08-09 09:59:41,875 - FastApi - INFO  - user_management_handler.py - user_management_handler: Display: 30 - Login Handler Initialized
2022-08-09 09:59:41,875 - FastApi - INFO  - user_management_handler.py - user_management_handler: Display: 30 - Login Handler Initialized
2022-08-09 09:59:41,875 - FastApi - INFO  - user_management_handler.py - user_management_handler: Display: 30 - Login Handler Initialized
2022-08-09 09:59:41,887 - FastApi - INFO  - user_management_handler.py - user_management_handler: Display: 30 - Login Handler Initialized
2022-08-09 09:59:41,888 - FastApi - INFO  - user_management_handler.py - user_management_handler: Display: 30 - Login Handler Initialized
2022-08-09 09:59:41,888 - FastApi - INFO  - user_management_handler.py - user_management_handler: Display: 30 - Login Handler Initialized
2022-08-09 09:59:41,888 - FastApi - INFO  - user_management_handler.py - user_management_handler: Display: 30 - Login Handler Initialized
2022-08-09 09:59:41,889 - FastApi - INFO  - user_management_handler.py - user_management_handler: Display: 30 - Login Handler Initialized
2022-08-09 09:59:41,889 - FastApi - INFO  - user_management_handler.py - user_management_handler: Display: 30 - Login Handler Initialized
2022-08-09 09:59:41,889 - FastApi - INFO  - user_management_handler.py - user_management_handler: Display: 30 - Login Handler Initialized
2022-08-09 09:59:41,890 - FastApi - INFO  - user_management_handler.py - user_management_handler: Display: 30 - Login Handler Initialized
2022-08-09 09:59:41,890 - FastApi - INFO  - user_management_handler.py - user_management_handler: Display: 30 - Login Handler Initialized
2022-08-09 09:59:41,891 - FastApi - INFO  - user_management_handler.py - user_management_handler: Display: 30 - Login Handler Initialized
2022-08-09 09:59:41,891 - FastApi - INFO  - user_management_handler.py - user_management_handler: Display: 30 - Login Handler Initialized
2022-08-09 09:59:41,892 - FastApi - INFO  - user_management_handler.py - user_management_handler: Display: 30 - Login Handler Initialized
2022-08-09 09:59:41,892 - FastApi - INFO  - user_management_handler.py - user_management_handler: Display: 30 - Login Handler Initialized
2022-08-09 09:59:41,893 - FastApi - INFO  - user_management_handler.py - user_management_handler: Display: 30 - Login Handler Initialized
2022-08-09 09:59:41,893 - FastApi - INFO  - user_management_handler.py - user_management_handler: Display: 30 - Login Handler Initialized
2022-08-09 09:59:41,893 - FastApi - INFO  - user_management_handler.py - user_management_handler: Display: 30 - Login Handler Initialized
2022-08-09 09:59:41,894 - FastApi - INFO  - user_management_handler.py - user_management_handler: Display: 30 - Login Handler Initialized
2022-08-09 09:59:41,894 - FastApi - INFO  - user_management_handler.py - user_management_handler: Display: 30 - Login Handler Initialized
2022-08-09 09:59:41,894 - FastApi - INFO  - user_management_handler.py - user_management_handler: Display: 30 - Login Handler Initialized
2022-08-09 09:59:41,894 - FastApi - INFO  - user_management_handler.py - user_management_handler: Display: 30 - Login Handler Initialized
2022-08-09 11:16:39,667 - FastApi - ERROR  - mysql_utility.py - mysql_utility: execute_query: 410 - Exception while updating: __init__() got an unexpected keyword argument 'hot'
2022-08-09 14:51:42,929 - FastApi - ERROR  - user_management_handler.py - user_management_handler: Display: 34 - Error while fetching the datamodule 'scripts.utilities.candidate_utility' has no attribute 'Database'
2022-08-09 14:51:42,932 - FastApi - ERROR  - candidate_services.py - candidate_services: employee: 17 - Exception while fetching data  ----> Failed to fetching the datamodule 'scripts.utilities.candidate_utility' has no attribute 'Database'
2022-08-09 14:52:49,881 - FastApi - INFO  - user_management_handler.py - user_management_handler: Display: 30 - Login Handler Initialized
2022-08-09 14:52:49,882 - FastApi - INFO  - user_management_handler.py - user_management_handler: Display: 30 - Login Handler Initialized
2022-08-09 14:52:49,883 - FastApi - INFO  - user_management_handler.py - user_management_handler: Display: 30 - Login Handler Initialized
2022-08-09 14:52:49,883 - FastApi - INFO  - user_management_handler.py - user_management_handler: Display: 30 - Login Handler Initialized
2022-08-09 14:52:49,883 - FastApi - INFO  - user_management_handler.py - user_management_handler: Display: 30 - Login Handler Initialized
2022-08-09 14:52:49,883 - FastApi - INFO  - user_management_handler.py - user_management_handler: Display: 30 - Login Handler Initialized
2022-08-09 14:52:49,884 - FastApi - INFO  - user_management_handler.py - user_management_handler: Display: 30 - Login Handler Initialized
2022-08-09 14:52:49,884 - FastApi - INFO  - user_management_handler.py - user_management_handler: Display: 30 - Login Handler Initialized
2022-08-09 14:52:49,884 - FastApi - INFO  - user_management_handler.py - user_management_handler: Display: 30 - Login Handler Initialized
2022-08-09 14:52:49,884 - FastApi - INFO  - user_management_handler.py - user_management_handler: Display: 30 - Login Handler Initialized
2022-08-09 14:52:49,885 - FastApi - INFO  - user_management_handler.py - user_management_handler: Display: 30 - Login Handler Initialized
2022-08-09 14:52:49,885 - FastApi - INFO  - user_management_handler.py - user_management_handler: Display: 30 - Login Handler Initialized
2022-08-09 14:52:49,885 - FastApi - INFO  - user_management_handler.py - user_management_handler: Display: 30 - Login Handler Initialized
2022-08-09 14:52:49,885 - FastApi - INFO  - user_management_handler.py - user_management_handler: Display: 30 - Login Handler Initialized
2022-08-09 14:52:49,886 - FastApi - INFO  - user_management_handler.py - user_management_handler: Display: 30 - Login Handler Initialized
2022-08-09 14:52:49,886 - FastApi - INFO  - user_management_handler.py - user_management_handler: Display: 30 - Login Handler Initialized
2022-08-09 14:52:49,886 - FastApi - INFO  - user_management_handler.py - user_management_handler: Display: 30 - Login Handler Initialized
2022-08-09 14:52:49,886 - FastApi - INFO  - user_management_handler.py - user_management_handler: Display: 30 - Login Handler Initialized
2022-08-09 14:52:49,887 - FastApi - INFO  - user_management_handler.py - user_management_handler: Display: 30 - Login Handler Initialized
2022-08-09 14:52:49,887 - FastApi - INFO  - user_management_handler.py - user_management_handler: Display: 30 - Login Handler Initialized
2022-08-09 14:52:49,887 - FastApi - INFO  - user_management_handler.py - user_management_handler: Display: 30 - Login Handler Initialized
2022-08-09 14:52:49,887 - FastApi - INFO  - user_management_handler.py - user_management_handler: Display: 30 - Login Handler Initialized
2022-08-09 14:52:49,887 - FastApi - INFO  - user_management_handler.py - user_management_handler: Display: 30 - Login Handler Initialized
2022-08-09 14:52:49,887 - FastApi - INFO  - user_management_handler.py - user_management_handler: Display: 30 - Login Handler Initialized
2022-08-09 14:52:49,888 - FastApi - INFO  - user_management_handler.py - user_management_handler: Display: 30 - Login Handler Initialized
2022-08-09 14:52:49,888 - FastApi - INFO  - user_management_handler.py - user_management_handler: Display: 30 - Login Handler Initialized
2022-08-09 14:52:49,888 - FastApi - INFO  - user_management_handler.py - user_management_handler: Display: 30 - Login Handler Initialized
2022-08-09 14:52:49,889 - FastApi - INFO  - user_management_handler.py - user_management_handler: Display: 30 - Login Handler Initialized
2022-08-09 14:52:49,889 - FastApi - INFO  - user_management_handler.py - user_management_handler: Display: 30 - Login Handler Initialized
2022-08-09 14:52:49,890 - FastApi - INFO  - user_management_handler.py - user_management_handler: Display: 30 - Login Handler Initialized
2022-08-09 14:52:49,890 - FastApi - INFO  - user_management_handler.py - user_management_handler: Display: 30 - Login Handler Initialized
2022-08-09 14:52:49,895 - FastApi - INFO  - user_management_handler.py - user_management_handler: Display: 30 - Login Handler Initialized
2022-08-09 14:52:49,896 - FastApi - INFO  - user_management_handler.py - user_management_handler: Display: 30 - Login Handler Initialized
2022-08-09 14:52:49,896 - FastApi - INFO  - user_management_handler.py - user_management_handler: Display: 30 - Login Handler Initialized
2022-08-09 14:52:49,897 - FastApi - INFO  - user_management_handler.py - user_management_handler: Display: 30 - Login Handler Initialized
2022-08-09 14:52:49,897 - FastApi - INFO  - user_management_handler.py - user_management_handler: Display: 30 - Login Handler Initialized
2022-08-09 14:52:49,897 - FastApi - INFO  - user_management_handler.py - user_management_handler: Display: 30 - Login Handler Initialized
2022-08-09 14:52:49,897 - FastApi - INFO  - user_management_handler.py - user_management_handler: Display: 30 - Login Handler Initialized
2022-08-09 14:52:49,898 - FastApi - INFO  - user_management_handler.py - user_management_handler: Display: 30 - Login Handler Initialized
2022-08-09 14:52:49,898 - FastApi - INFO  - user_management_handler.py - user_management_handler: Display: 30 - Login Handler Initialized
2022-08-09 14:52:49,898 - FastApi - INFO  - user_management_handler.py - user_management_handler: Display: 30 - Login Handler Initialized
2022-08-09 14:52:49,898 - FastApi - INFO  - user_management_handler.py - user_management_handler: Display: 30 - Login Handler Initialized
2022-08-09 14:52:49,899 - FastApi - INFO  - user_management_handler.py - user_management_handler: Display: 30 - Login Handler Initialized
2022-08-09 14:52:49,899 - FastApi - INFO  - user_management_handler.py - user_management_handler: Display: 30 - Login Handler Initialized
2022-08-09 14:52:49,899 - FastApi - INFO  - user_management_handler.py - user_management_handler: Display: 30 - Login Handler Initialized
2022-08-09 14:52:49,899 - FastApi - INFO  - user_management_handler.py - user_management_handler: Display: 30 - Login Handler Initialized
2022-08-09 14:52:49,900 - FastApi - INFO  - user_management_handler.py - user_management_handler: Display: 30 - Login Handler Initialized
2022-08-09 14:52:49,900 - FastApi - INFO  - user_management_handler.py - user_management_handler: Display: 30 - Login Handler Initialized
2022-08-09 14:52:49,900 - FastApi - INFO  - user_management_handler.py - user_management_handler: Display: 30 - Login Handler Initialized
2022-08-09 14:52:49,900 - FastApi - INFO  - user_management_handler.py - user_management_handler: Display: 30 - Login Handler Initialized
2022-08-09 14:52:49,901 - FastApi - INFO  - user_management_handler.py - user_management_handler: Display: 30 - Login Handler Initialized
2022-08-09 14:52:49,901 - FastApi - INFO  - user_management_handler.py - user_management_handler: Display: 30 - Login Handler Initialized
2022-08-09 14:52:49,901 - FastApi - INFO  - user_management_handler.py - user_management_handler: Display: 30 - Login Handler Initialized
2022-08-09 14:52:49,901 - FastApi - INFO  - user_management_handler.py - user_management_handler: Display: 30 - Login Handler Initialized
2022-08-09 14:52:49,901 - FastApi - INFO  - user_management_handler.py - user_management_handler: Display: 30 - Login Handler Initialized
2022-08-09 14:52:49,902 - FastApi - INFO  - user_management_handler.py - user_management_handler: Display: 30 - Login Handler Initialized
2022-08-09 14:52:49,902 - FastApi - INFO  - user_management_handler.py - user_management_handler: Display: 30 - Login Handler Initialized
2022-08-09 14:52:49,902 - FastApi - INFO  - user_management_handler.py - user_management_handler: Display: 30 - Login Handler Initialized
2022-08-09 14:52:49,902 - FastApi - INFO  - user_management_handler.py - user_management_handler: Display: 30 - Login Handler Initialized
2022-08-09 14:52:49,902 - FastApi - INFO  - user_management_handler.py - user_management_handler: Display: 30 - Login Handler Initialized
2022-08-09 14:52:49,903 - FastApi - INFO  - user_management_handler.py - user_management_handler: Display: 30 - Login Handler Initialized
2022-08-09 14:52:49,910 - FastApi - INFO  - user_management_handler.py - user_management_handler: Display: 30 - Login Handler Initialized
2022-08-09 14:52:49,910 - FastApi - INFO  - user_management_handler.py - user_management_handler: Display: 30 - Login Handler Initialized
2022-08-09 14:52:49,910 - FastApi - INFO  - user_management_handler.py - user_management_handler: Display: 30 - Login Handler Initialized
2022-08-09 14:52:49,911 - FastApi - INFO  - user_management_handler.py - user_management_handler: Display: 30 - Login Handler Initialized
2022-08-09 14:52:49,911 - FastApi - INFO  - user_management_handler.py - user_management_handler: Display: 30 - Login Handler Initialized
2022-08-09 14:52:49,911 - FastApi - INFO  - user_management_handler.py - user_management_handler: Display: 30 - Login Handler Initialized
2022-08-09 14:52:49,911 - FastApi - INFO  - user_management_handler.py - user_management_handler: Display: 30 - Login Handler Initialized
2022-08-09 14:52:49,911 - FastApi - INFO  - user_management_handler.py - user_management_handler: Display: 30 - Login Handler Initialized
2022-08-09 14:52:49,911 - FastApi - INFO  - user_management_handler.py - user_management_handler: Display: 30 - Login Handler Initialized
2022-08-09 14:52:49,911 - FastApi - INFO  - user_management_handler.py - user_management_handler: Display: 30 - Login Handler Initialized
2022-08-09 14:52:49,911 - FastApi - INFO  - user_management_handler.py - user_management_handler: Display: 30 - Login Handler Initialized
2022-08-09 14:52:49,912 - FastApi - INFO  - user_management_handler.py - user_management_handler: Display: 30 - Login Handler Initialized
2022-08-09 14:52:49,912 - FastApi - INFO  - user_management_handler.py - user_management_handler: Display: 30 - Login Handler Initialized
2022-08-09 14:52:49,912 - FastApi - INFO  - user_management_handler.py - user_management_handler: Display: 30 - Login Handler Initialized
2022-08-09 14:52:49,912 - FastApi - INFO  - user_management_handler.py - user_management_handler: Display: 30 - Login Handler Initialized
2022-08-09 14:52:49,912 - FastApi - INFO  - user_management_handler.py - user_management_handler: Display: 30 - Login Handler Initialized
2022-08-09 14:52:49,912 - FastApi - INFO  - user_management_handler.py - user_management_handler: Display: 30 - Login Handler Initialized
2022-08-09 14:52:49,912 - FastApi - INFO  - user_management_handler.py - user_management_handler: Display: 30 - Login Handler Initialized
2022-08-09 14:52:49,912 - FastApi - INFO  - user_management_handler.py - user_management_handler: Display: 30 - Login Handler Initialized
2022-08-09 14:52:49,913 - FastApi - INFO  - user_management_handler.py - user_management_handler: Display: 30 - Login Handler Initialized
2022-08-09 14:52:49,913 - FastApi - INFO  - user_management_handler.py - user_management_handler: Display: 30 - Login Handler Initialized
2022-08-09 14:52:49,913 - FastApi - INFO  - user_management_handler.py - user_management_handler: Display: 30 - Login Handler Initialized
2022-08-09 14:52:49,913 - FastApi - INFO  - user_management_handler.py - user_management_handler: Display: 30 - Login Handler Initialized
2022-08-09 14:52:49,913 - FastApi - INFO  - user_management_handler.py - user_management_handler: Display: 30 - Login Handler Initialized
2022-08-09 14:52:49,913 - FastApi - INFO  - user_management_handler.py - user_management_handler: Display: 30 - Login Handler Initialized
2022-08-09 14:52:49,913 - FastApi - INFO  - user_management_handler.py - user_management_handler: Display: 30 - Login Handler Initialized
2022-08-09 14:52:49,913 - FastApi - INFO  - user_management_handler.py - user_management_handler: Display: 30 - Login Handler Initialized
2022-08-09 14:52:49,913 - FastApi - INFO  - user_management_handler.py - user_management_handler: Display: 30 - Login Handler Initialized
2022-08-09 14:52:49,914 - FastApi - INFO  - user_management_handler.py - user_management_handler: Display: 30 - Login Handler Initialized
2022-08-09 14:52:49,914 - FastApi - INFO  - user_management_handler.py - user_management_handler: Display: 30 - Login Handler Initialized
2022-08-09 14:52:49,928 - FastApi - INFO  - user_management_handler.py - user_management_handler: Display: 30 - Login Handler Initialized
2022-08-09 14:52:49,928 - FastApi - INFO  - user_management_handler.py - user_management_handler: Display: 30 - Login Handler Initialized
2022-08-09 14:52:49,929 - FastApi - INFO  - user_management_handler.py - user_management_handler: Display: 30 - Login Handler Initialized
2022-08-09 14:52:49,929 - FastApi - INFO  - user_management_handler.py - user_management_handler: Display: 30 - Login Handler Initialized
2022-08-09 14:52:49,930 - FastApi - INFO  - user_management_handler.py - user_management_handler: Display: 30 - Login Handler Initialized
2022-08-09 14:52:49,930 - FastApi - INFO  - user_management_handler.py - user_management_handler: Display: 30 - Login Handler Initialized
2022-08-09 14:52:49,930 - FastApi - INFO  - user_management_handler.py - user_management_handler: Display: 30 - Login Handler Initialized
2022-08-09 14:52:49,931 - FastApi - INFO  - user_management_handler.py - user_management_handler: Display: 30 - Login Handler Initialized
2022-08-09 14:52:49,931 - FastApi - INFO  - user_management_handler.py - user_management_handler: Display: 30 - Login Handler Initialized
2022-08-09 14:52:49,931 - FastApi - INFO  - user_management_handler.py - user_management_handler: Display: 30 - Login Handler Initialized
2022-08-09 14:52:49,932 - FastApi - INFO  - user_management_handler.py - user_management_handler: Display: 30 - Login Handler Initialized
2022-08-09 14:52:49,932 - FastApi - INFO  - user_management_handler.py - user_management_handler: Display: 30 - Login Handler Initialized
2022-08-09 14:52:49,932 - FastApi - INFO  - user_management_handler.py - user_management_handler: Display: 30 - Login Handler Initialized
2022-08-09 14:52:49,933 - FastApi - INFO  - user_management_handler.py - user_management_handler: Display: 30 - Login Handler Initialized
2022-08-09 14:52:49,933 - FastApi - INFO  - user_management_handler.py - user_management_handler: Display: 30 - Login Handler Initialized
2022-08-09 14:52:49,934 - FastApi - INFO  - user_management_handler.py - user_management_handler: Display: 30 - Login Handler Initialized
2022-08-09 14:52:49,934 - FastApi - INFO  - user_management_handler.py - user_management_handler: Display: 30 - Login Handler Initialized
2022-08-09 14:52:49,934 - FastApi - INFO  - user_management_handler.py - user_management_handler: Display: 30 - Login Handler Initialized
2022-08-09 14:52:49,935 - FastApi - INFO  - user_management_handler.py - user_management_handler: Display: 30 - Login Handler Initialized
2022-08-09 14:52:49,957 - FastApi - INFO  - user_management_handler.py - user_management_handler: Display: 30 - Login Handler Initialized
2022-08-09 15:06:02,243 - FastApi - ERROR  - candidate_services.py - candidate_services: delete_user: 69 - Exception into insert_item  ----> Failed to delete user :delete_mysql_table() missing 1 required positional argument: 'query'
2022-08-09 15:07:04,538 - FastApi - ERROR  - candidate_services.py - candidate_services: delete_user: 69 - Exception into insert_item  ----> Failed to delete user :delete_mysql_table() missing 1 required positional argument: 'query'
2022-08-09 15:07:53,261 - FastApi - ERROR  - candidate_services.py - candidate_services: delete_user: 69 - Exception into insert_item  ----> Failed to delete user :delete_mysql_table() missing 1 required positional argument: 'query'
2022-08-09 15:08:05,272 - FastApi - ERROR  - candidate_services.py - candidate_services: delete_user: 69 - Exception into insert_item  ----> Failed to delete user :delete_mysql_table() missing 1 required positional argument: 'query'
2022-08-09 15:09:43,780 - FastApi - ERROR  - candidate_services.py - candidate_services: delete_user: 69 - Exception into insert_item  ----> Failed to delete user :delete_mysql_table() missing 1 required positional argument: 'query'
2022-08-09 15:11:04,392 - FastApi - ERROR  - candidate_services.py - candidate_services: delete_user: 69 - Exception into insert_item  ----> Failed to delete user :delete_mysql_table() missing 1 required positional argument: 'query'
2022-08-09 15:11:21,889 - FastApi - ERROR  - candidate_services.py - candidate_services: delete_user: 69 - Exception into insert_item  ----> Failed to delete user :delete_mysql_table() missing 1 required positional argument: 'query'
2022-08-09 15:13:10,924 - FastApi - ERROR  - candidate_services.py - candidate_services: delete_user: 69 - Exception into insert_item  ----> Failed to delete user :delete_mysql_table() missing 1 required positional argument: 'query'
